<?xml version="1.0" encoding="UTF-8" ?>
<testsuite tests="9" failures="0" name="com.mslc.AsignarCuentaTest" time="0.021" errors="0" skipped="0">
  <properties>
[...]
</properties>
  <testcase classname="com.mslc.AsignarCuentaTest" name="testComprobarC10" time="0.02"/>
  <testcase classname="com.mslc.AsignarCuentaTest" name="testComprobarC12" time="0"/>
  <testcase classname="com.mslc.AsignarCuentaTest" name="testComprobarC1" time="0"/>
  <testcase classname="com.mslc.AsignarCuentaTest" name="testComprobarC2" time="0"/>
  <testcase classname="com.mslc.AsignarCuentaTest" name="testComprobarC3" time="0"/>
  <testcase classname="com.mslc.AsignarCuentaTest" name="testComprobarC4" time="0"/>
  <testcase classname="com.mslc.AsignarCuentaTest" name="testComprobarC5" time="0"/>
  <testcase classname="com.mslc.AsignarCuentaTest" name="testComprobarC8" time="0.001"/>
  <testcase classname="com.mslc.AsignarCuentaTest" name="testComprobarC9" time="0"/>
</testsuite>